# JRE version: OpenJDK Runtime Environment Temurin-17.0.10+7 (17.0.10+7) (build 17.0.10+7)
# Java VM: OpenJDK 64-Bit Server VM Temurin-17.0.10+7 (17.0.10+7, mixed mode, tiered, compressed oops, compressed class ptrs, parallel gc, windows-amd64)
GC Precious Log:
 CPUs: 20 total, 20 available
 Memory: 32612M
 Large Page Support: Disabled
 NUMA Support: Disabled
 Compressed Oops: Enabled (32-bit)
 Alignments: Space 512K, Generation 512K, Heap 2M
 Heap Min Capacity: 100M
 Heap Initial Capacity: 100M
 Heap Max Capacity: 1G
 Pre-touch: Disabled
 Parallel Workers: 15
Heap:
 PSYoungGen      total 6656K, used 6081K [0x00000000eab00000, 0x00000000eb400000, 0x0000000100000000)
  eden space 5120K, 96% used [0x00000000eab00000,0x00000000eafd8610,0x00000000eb000000)
  from space 1536K, 72% used [0x00000000eb280000,0x00000000eb398000,0x00000000eb400000)
  to   space 1536K, 0% used [0x00000000eb000000,0x00000000eb000000,0x00000000eb180000)
 ParOldGen       total 214528K, used 201284K [0x00000000c0000000, 0x00000000cd180000, 0x00000000eab00000)
  object space 214528K, 93% used [0x00000000c0000000,0x00000000cc491108,0x00000000cd180000)
 Metaspace       used 108886K, committed 110272K, reserved 1179648K
  class space    used 10482K, committed 11072K, reserved 1048576K
GC Heap History (20 events):
Event: 4663.176 GC heap before
{Heap before GC invocations=13250 (full 327):
 PSYoungGen      total 4096K, used 3808K [0x00000000eab00000, 0x00000000eb080000, 0x0000000100000000)
  eden space 3072K, 100% used [0x00000000eab00000,0x00000000eae00000,0x00000000eae00000)
  from space 1024K, 71% used [0x00000000eaf80000,0x00000000eb038000,0x00000000eb080000)
  to   space 1024K, 0% used [0x00000000eae80000,0x00000000eae80000,0x00000000eaf80000)
 ParOldGen       total 214528K, used 192580K [0x00000000c0000000, 0x00000000cd180000, 0x00000000eab00000)
  object space 214528K, 89% used [0x00000000c0000000,0x00000000cbc110b8,0x00000000cd180000)
 Metaspace       used 108842K, committed 110272K, reserved 1179648K
  class space    used 10475K, committed 11072K, reserved 1048576K
}
Event: 4663.177 GC heap after
{Heap after GC invocations=13250 (full 327):
 PSYoungGen      total 4096K, used 672K [0x00000000eab00000, 0x00000000eb000000, 0x0000000100000000)
  eden space 3072K, 0% used [0x00000000eab00000,0x00000000eab00000,0x00000000eae00000)
  from space 1024K, 65% used [0x00000000eae80000,0x00000000eaf28000,0x00000000eaf80000)
  to   space 512K, 0% used [0x00000000eaf80000,0x00000000eaf80000,0x00000000eb000000)
 ParOldGen       total 214528K, used 193068K [0x00000000c0000000, 0x00000000cd180000, 0x00000000eab00000)
  object space 214528K, 89% used [0x00000000c0000000,0x00000000cbc8b0b8,0x00000000cd180000)
 Metaspace       used 108842K, committed 110272K, reserved 1179648K
  class space    used 10475K, committed 11072K, reserved 1048576K
}
Event: 4663.182 GC heap before
{Heap before GC invocations=13251 (full 327):
 PSYoungGen      total 4096K, used 3744K [0x00000000eab00000, 0x00000000eb000000, 0x0000000100000000)
  eden space 3072K, 100% used [0x00000000eab00000,0x00000000eae00000,0x00000000eae00000)
  from space 1024K, 65% used [0x00000000eae80000,0x00000000eaf28000,0x00000000eaf80000)
  to   space 512K, 0% used [0x00000000eaf80000,0x00000000eaf80000,0x00000000eb000000)
 ParOldGen       total 214528K, used 193068K [0x00000000c0000000, 0x00000000cd180000, 0x00000000eab00000)
  object space 214528K, 89% used [0x00000000c0000000,0x00000000cbc8b0b8,0x00000000cd180000)
 Metaspace       used 108842K, committed 110272K, reserved 1179648K
  class space    used 10475K, committed 11072K, reserved 1048576K
}
Event: 4663.183 GC heap after
{Heap after GC invocations=13251 (full 327):
 PSYoungGen      total 3584K, used 512K [0x00000000eab00000, 0x00000000eb100000, 0x0000000100000000)
  eden space 3072K, 0% used [0x00000000eab00000,0x00000000eab00000,0x00000000eae00000)
  from space 512K, 100% used [0x00000000eaf80000,0x00000000eb000000,0x00000000eb000000)
  to   space 1536K, 0% used [0x00000000eae00000,0x00000000eae00000,0x00000000eaf80000)
 ParOldGen       total 214528K, used 193716K [0x00000000c0000000, 0x00000000cd180000, 0x00000000eab00000)
  object space 214528K, 90% used [0x00000000c0000000,0x00000000cbd2d0c8,0x00000000cd180000)
 Metaspace       used 108842K, committed 110272K, reserved 1179648K
  class space    used 10475K, committed 11072K, reserved 1048576K
}
Event: 4663.187 GC heap before
{Heap before GC invocations=13252 (full 327):
 PSYoungGen      total 3584K, used 3584K [0x00000000eab00000, 0x00000000eb100000, 0x0000000100000000)
  eden space 3072K, 100% used [0x00000000eab00000,0x00000000eae00000,0x00000000eae00000)
  from space 512K, 100% used [0x00000000eaf80000,0x00000000eb000000,0x00000000eb000000)
  to   space 1536K, 0% used [0x00000000eae00000,0x00000000eae00000,0x00000000eaf80000)
 ParOldGen       total 214528K, used 193716K [0x00000000c0000000, 0x00000000cd180000, 0x00000000eab00000)
  object space 214528K, 90% used [0x00000000c0000000,0x00000000cbd2d0c8,0x00000000cd180000)
 Metaspace       used 108842K, committed 110272K, reserved 1179648K
  class space    used 10475K, committed 11072K, reserved 1048576K
}
Event: 4663.188 GC heap after
{Heap after GC invocations=13252 (full 327):
 PSYoungGen      total 4096K, used 704K [0x00000000eab00000, 0x00000000eb000000, 0x0000000100000000)
  eden space 3072K, 0% used [0x00000000eab00000,0x00000000eab00000,0x00000000eae00000)
  from space 1024K, 68% used [0x00000000eae00000,0x00000000eaeb0000,0x00000000eaf00000)
  to   space 1024K, 0% used [0x00000000eaf00000,0x00000000eaf00000,0x00000000eb000000)
 ParOldGen       total 214528K, used 194260K [0x00000000c0000000, 0x00000000cd180000, 0x00000000eab00000)
  object space 214528K, 90% used [0x00000000c0000000,0x00000000cbdb50c8,0x00000000cd180000)
 Metaspace       used 108842K, committed 110272K, reserved 1179648K
  class space    used 10475K, committed 11072K, reserved 1048576K
}
Event: 4663.193 GC heap before
{Heap before GC invocations=13253 (full 327):
 PSYoungGen      total 4096K, used 3776K [0x00000000eab00000, 0x00000000eb000000, 0x0000000100000000)
  eden space 3072K, 100% used [0x00000000eab00000,0x00000000eae00000,0x00000000eae00000)
  from space 1024K, 68% used [0x00000000eae00000,0x00000000eaeb0000,0x00000000eaf00000)
  to   space 1024K, 0% used [0x00000000eaf00000,0x00000000eaf00000,0x00000000eb000000)
 ParOldGen       total 214528K, used 194260K [0x00000000c0000000, 0x00000000cd180000, 0x00000000eab00000)
  object space 214528K, 90% used [0x00000000c0000000,0x00000000cbdb50c8,0x00000000cd180000)
 Metaspace       used 108842K, committed 110272K, reserved 1179648K
  class space    used 10475K, committed 11072K, reserved 1048576K
}
Event: 4663.193 GC heap after
{Heap after GC invocations=13253 (full 327):
 PSYoungGen      total 4096K, used 672K [0x00000000eab00000, 0x00000000eb100000, 0x0000000100000000)
  eden space 3072K, 0% used [0x00000000eab00000,0x00000000eab00000,0x00000000eae00000)
  from space 1024K, 65% used [0x00000000eaf00000,0x00000000eafa8000,0x00000000eb000000)
  to   space 1024K, 0% used [0x00000000eae00000,0x00000000eae00000,0x00000000eaf00000)
 ParOldGen       total 214528K, used 194708K [0x00000000c0000000, 0x00000000cd180000, 0x00000000eab00000)
  object space 214528K, 90% used [0x00000000c0000000,0x00000000cbe250c8,0x00000000cd180000)
 Metaspace       used 108842K, committed 110272K, reserved 1179648K
  class space    used 10475K, committed 11072K, reserved 1048576K
}
Event: 4663.198 GC heap before
{Heap before GC invocations=13254 (full 327):
 PSYoungGen      total 4096K, used 3744K [0x00000000eab00000, 0x00000000eb100000, 0x0000000100000000)
  eden space 3072K, 100% used [0x00000000eab00000,0x00000000eae00000,0x00000000eae00000)
  from space 1024K, 65% used [0x00000000eaf00000,0x00000000eafa8000,0x00000000eb000000)
  to   space 1024K, 0% used [0x00000000eae00000,0x00000000eae00000,0x00000000eaf00000)
 ParOldGen       total 214528K, used 194708K [0x00000000c0000000, 0x00000000cd180000, 0x00000000eab00000)
  object space 214528K, 90% used [0x00000000c0000000,0x00000000cbe250c8,0x00000000cd180000)
 Metaspace       used 108858K, committed 110272K, reserved 1179648K
  class space    used 10479K, committed 11072K, reserved 1048576K
}
Event: 4663.200 GC heap after
{Heap after GC invocations=13254 (full 327):
 PSYoungGen      total 4096K, used 1024K [0x00000000eab00000, 0x00000000eb600000, 0x0000000100000000)
  eden space 3072K, 0% used [0x00000000eab00000,0x00000000eab00000,0x00000000eae00000)
  from space 1024K, 100% used [0x00000000eae00000,0x00000000eaf00000,0x00000000eaf00000)
  to   space 3584K, 0% used [0x00000000eb280000,0x00000000eb280000,0x00000000eb600000)
 ParOldGen       total 214528K, used 196484K [0x00000000c0000000, 0x00000000cd180000, 0x00000000eab00000)
  object space 214528K, 91% used [0x00000000c0000000,0x00000000cbfe10c8,0x00000000cd180000)
 Metaspace       used 108858K, committed 110272K, reserved 1179648K
  class space    used 10479K, committed 11072K, reserved 1048576K
}
Event: 4663.205 GC heap before
{Heap before GC invocations=13255 (full 327):
 PSYoungGen      total 4096K, used 4096K [0x00000000eab00000, 0x00000000eb600000, 0x0000000100000000)
  eden space 3072K, 100% used [0x00000000eab00000,0x00000000eae00000,0x00000000eae00000)
  from space 1024K, 100% used [0x00000000eae00000,0x00000000eaf00000,0x00000000eaf00000)
  to   space 3584K, 0% used [0x00000000eb280000,0x00000000eb280000,0x00000000eb600000)
 ParOldGen       total 214528K, used 196484K [0x00000000c0000000, 0x00000000cd180000, 0x00000000eab00000)
  object space 214528K, 91% used [0x00000000c0000000,0x00000000cbfe10c8,0x00000000cd180000)
 Metaspace       used 108860K, committed 110272K, reserved 1179648K
  class space    used 10479K, committed 11072K, reserved 1048576K
}
Event: 4663.206 GC heap after
{Heap after GC invocations=13255 (full 327):
 PSYoungGen      total 5632K, used 1430K [0x00000000eab00000, 0x00000000eb400000, 0x0000000100000000)
  eden space 4096K, 0% used [0x00000000eab00000,0x00000000eab00000,0x00000000eaf00000)
  from space 1536K, 93% used [0x00000000eb280000,0x00000000eb3e5a78,0x00000000eb400000)
  to   space 2048K, 0% used [0x00000000eb000000,0x00000000eb000000,0x00000000eb200000)
 ParOldGen       total 214528K, used 197556K [0x00000000c0000000, 0x00000000cd180000, 0x00000000eab00000)
  object space 214528K, 92% used [0x00000000c0000000,0x00000000cc0ed0c8,0x00000000cd180000)
 Metaspace       used 108860K, committed 110272K, reserved 1179648K
  class space    used 10479K, committed 11072K, reserved 1048576K
}
Event: 4663.214 GC heap before
{Heap before GC invocations=13256 (full 327):
 PSYoungGen      total 5632K, used 5526K [0x00000000eab00000, 0x00000000eb400000, 0x0000000100000000)
  eden space 4096K, 100% used [0x00000000eab00000,0x00000000eaf00000,0x00000000eaf00000)
  from space 1536K, 93% used [0x00000000eb280000,0x00000000eb3e5a78,0x00000000eb400000)
  to   space 2048K, 0% used [0x00000000eb000000,0x00000000eb000000,0x00000000eb200000)
 ParOldGen       total 214528K, used 197556K [0x00000000c0000000, 0x00000000cd180000, 0x00000000eab00000)
  object space 214528K, 92% used [0x00000000c0000000,0x00000000cc0ed0c8,0x00000000cd180000)
 Metaspace       used 108860K, committed 110272K, reserved 1179648K
  class space    used 10479K, committed 11072K, reserved 1048576K
}
Event: 4663.215 GC heap after
{Heap after GC invocations=13256 (full 327):
 PSYoungGen      total 6656K, used 1216K [0x00000000eab00000, 0x00000000eb300000, 0x0000000100000000)
  eden space 5120K, 0% used [0x00000000eab00000,0x00000000eab00000,0x00000000eb000000)
  from space 1536K, 79% used [0x00000000eb000000,0x00000000eb130000,0x00000000eb180000)
  to   space 1536K, 0% used [0x00000000eb180000,0x00000000eb180000,0x00000000eb300000)
 ParOldGen       total 214528K, used 198732K [0x00000000c0000000, 0x00000000cd180000, 0x00000000eab00000)
  object space 214528K, 92% used [0x00000000c0000000,0x00000000cc2130e8,0x00000000cd180000)
 Metaspace       used 108860K, committed 110272K, reserved 1179648K
  class space    used 10479K, committed 11072K, reserved 1048576K
}
Event: 4663.225 GC heap before
{Heap before GC invocations=13257 (full 327):
 PSYoungGen      total 6656K, used 6336K [0x00000000eab00000, 0x00000000eb300000, 0x0000000100000000)
  eden space 5120K, 100% used [0x00000000eab00000,0x00000000eb000000,0x00000000eb000000)
  from space 1536K, 79% used [0x00000000eb000000,0x00000000eb130000,0x00000000eb180000)
  to   space 1536K, 0% used [0x00000000eb180000,0x00000000eb180000,0x00000000eb300000)
 ParOldGen       total 214528K, used 198732K [0x00000000c0000000, 0x00000000cd180000, 0x00000000eab00000)
  object space 214528K, 92% used [0x00000000c0000000,0x00000000cc2130e8,0x00000000cd180000)
 Metaspace       used 108860K, committed 110272K, reserved 1179648K
  class space    used 10479K, committed 11072K, reserved 1048576K
}
Event: 4663.226 GC heap after
{Heap after GC invocations=13257 (full 327):
 PSYoungGen      total 6656K, used 1136K [0x00000000eab00000, 0x00000000eb400000, 0x0000000100000000)
  eden space 5120K, 0% used [0x00000000eab00000,0x00000000eab00000,0x00000000eb000000)
  from space 1536K, 73% used [0x00000000eb180000,0x00000000eb29c020,0x00000000eb300000)
  to   space 1536K, 0% used [0x00000000eb000000,0x00000000eb000000,0x00000000eb180000)
 ParOldGen       total 214528K, used 199644K [0x00000000c0000000, 0x00000000cd180000, 0x00000000eab00000)
  object space 214528K, 93% used [0x00000000c0000000,0x00000000cc2f70e8,0x00000000cd180000)
 Metaspace       used 108860K, committed 110272K, reserved 1179648K
  class space    used 10479K, committed 11072K, reserved 1048576K
}
Event: 4663.238 GC heap before
{Heap before GC invocations=13258 (full 327):
 PSYoungGen      total 6656K, used 6256K [0x00000000eab00000, 0x00000000eb400000, 0x0000000100000000)
  eden space 5120K, 100% used [0x00000000eab00000,0x00000000eb000000,0x00000000eb000000)
  from space 1536K, 73% used [0x00000000eb180000,0x00000000eb29c020,0x00000000eb300000)
  to   space 1536K, 0% used [0x00000000eb000000,0x00000000eb000000,0x00000000eb180000)
 ParOldGen       total 214528K, used 199644K [0x00000000c0000000, 0x00000000cd180000, 0x00000000eab00000)
  object space 214528K, 93% used [0x00000000c0000000,0x00000000cc2f70e8,0x00000000cd180000)
 Metaspace       used 108860K, committed 110272K, reserved 1179648K
  class space    used 10479K, committed 11072K, reserved 1048576K
}
Event: 4663.239 GC heap after
{Heap after GC invocations=13258 (full 327):
 PSYoungGen      total 6656K, used 960K [0x00000000eab00000, 0x00000000eb400000, 0x0000000100000000)
  eden space 5120K, 0% used [0x00000000eab00000,0x00000000eab00000,0x00000000eb000000)
  from space 1536K, 62% used [0x00000000eb000000,0x00000000eb0f0000,0x00000000eb180000)
  to   space 1536K, 0% used [0x00000000eb280000,0x00000000eb280000,0x00000000eb400000)
 ParOldGen       total 214528K, used 200508K [0x00000000c0000000, 0x00000000cd180000, 0x00000000eab00000)
  object space 214528K, 93% used [0x00000000c0000000,0x00000000cc3cf108,0x00000000cd180000)
 Metaspace       used 108860K, committed 110272K, reserved 1179648K
  class space    used 10479K, committed 11072K, reserved 1048576K
}
Event: 4663.260 GC heap before
{Heap before GC invocations=13259 (full 327):
 PSYoungGen      total 6656K, used 6080K [0x00000000eab00000, 0x00000000eb400000, 0x0000000100000000)
  eden space 5120K, 100% used [0x00000000eab00000,0x00000000eb000000,0x00000000eb000000)
  from space 1536K, 62% used [0x00000000eb000000,0x00000000eb0f0000,0x00000000eb180000)
  to   space 1536K, 0% used [0x00000000eb280000,0x00000000eb280000,0x00000000eb400000)
 ParOldGen       total 214528K, used 200508K [0x00000000c0000000, 0x00000000cd180000, 0x00000000eab00000)
  object space 214528K, 93% used [0x00000000c0000000,0x00000000cc3cf108,0x00000000cd180000)
 Metaspace       used 108868K, committed 110272K, reserved 1179648K
  class space    used 10480K, committed 11072K, reserved 1048576K
}
Event: 4663.262 GC heap after
{Heap after GC invocations=13259 (full 327):
 PSYoungGen      total 6656K, used 1120K [0x00000000eab00000, 0x00000000eb400000, 0x0000000100000000)
  eden space 5120K, 0% used [0x00000000eab00000,0x00000000eab00000,0x00000000eb000000)
  from space 1536K, 72% used [0x00000000eb280000,0x00000000eb398000,0x00000000eb400000)
  to   space 1536K, 0% used [0x00000000eb000000,0x00000000eb000000,0x00000000eb180000)
 ParOldGen       total 214528K, used 201284K [0x00000000c0000000, 0x00000000cd180000, 0x00000000eab00000)
  object space 214528K, 93% used [0x00000000c0000000,0x00000000cc491108,0x00000000cd180000)
 Metaspace       used 108868K, committed 110272K, reserved 1179648K
  class space    used 10480K, committed 11072K, reserved 1048576K
}

