# JRE version: OpenJDK Runtime Environment Temurin-17.0.10+7 (17.0.10+7) (build 17.0.10+7)
# Java VM: OpenJDK 64-Bit Server VM Temurin-17.0.10+7 (17.0.10+7, mixed mode, tiered, compressed oops, compressed class ptrs, parallel gc, windows-amd64)
GC Precious Log:
 CPUs: 20 total, 20 available
 Memory: 32612M
 Large Page Support: Disabled
 NUMA Support: Disabled
 Compressed Oops: Enabled (32-bit)
 Alignments: Space 512K, Generation 512K, Heap 2M
 Heap Min Capacity: 100M
 Heap Initial Capacity: 100M
 Heap Max Capacity: 1G
 Pre-touch: Disabled
 Parallel Workers: 15
Heap:
 PSYoungGen      total 7168K, used 2744K [0x00000000eab00000, 0x00000000eb500000, 0x0000000100000000)
  eden space 5632K, 27% used [0x00000000eab00000,0x00000000eac86058,0x00000000eb080000)
  from space 1536K, 77% used [0x00000000eb380000,0x00000000eb4a8000,0x00000000eb500000)
  to   space 2048K, 0% used [0x00000000eb100000,0x00000000eb100000,0x00000000eb300000)
 ParOldGen       total 300032K, used 275584K [0x00000000c0000000, 0x00000000d2500000, 0x00000000eab00000)
  object space 300032K, 91% used [0x00000000c0000000,0x00000000d0d201d0,0x00000000d2500000)
 Metaspace       used 107442K, committed 108992K, reserved 1179648K
  class space    used 10360K, committed 11072K, reserved 1048576K
GC Heap History (20 events):
Event: 3553.407 GC heap before
{Heap before GC invocations=9781 (full 242):
 PSYoungGen      total 3584K, used 3215K [0x00000000eab00000, 0x00000000eb080000, 0x0000000100000000)
  eden space 2048K, 100% used [0x00000000eab00000,0x00000000ead00000,0x00000000ead00000)
  from space 1536K, 76% used [0x00000000ead00000,0x00000000eae23f60,0x00000000eae80000)
  to   space 1536K, 0% used [0x00000000eaf00000,0x00000000eaf00000,0x00000000eb080000)
 ParOldGen       total 300032K, used 267603K [0x00000000c0000000, 0x00000000d2500000, 0x00000000eab00000)
  object space 300032K, 89% used [0x00000000c0000000,0x00000000d0554f98,0x00000000d2500000)
 Metaspace       used 107419K, committed 108992K, reserved 1179648K
  class space    used 10357K, committed 11072K, reserved 1048576K
}
Event: 3553.408 GC heap after
{Heap after GC invocations=9781 (full 242):
 PSYoungGen      total 4096K, used 1057K [0x00000000eab00000, 0x00000000eb080000, 0x0000000100000000)
  eden space 2560K, 0% used [0x00000000eab00000,0x00000000eab00000,0x00000000ead80000)
  from space 1536K, 68% used [0x00000000eaf00000,0x00000000eb008438,0x00000000eb080000)
  to   space 1536K, 0% used [0x00000000ead80000,0x00000000ead80000,0x00000000eaf00000)
 ParOldGen       total 300032K, used 268115K [0x00000000c0000000, 0x00000000d2500000, 0x00000000eab00000)
  object space 300032K, 89% used [0x00000000c0000000,0x00000000d05d4f98,0x00000000d2500000)
 Metaspace       used 107419K, committed 108992K, reserved 1179648K
  class space    used 10357K, committed 11072K, reserved 1048576K
}
Event: 3553.411 GC heap before
{Heap before GC invocations=9782 (full 242):
 PSYoungGen      total 4096K, used 3617K [0x00000000eab00000, 0x00000000eb080000, 0x0000000100000000)
  eden space 2560K, 100% used [0x00000000eab00000,0x00000000ead80000,0x00000000ead80000)
  from space 1536K, 68% used [0x00000000eaf00000,0x00000000eb008438,0x00000000eb080000)
  to   space 1536K, 0% used [0x00000000ead80000,0x00000000ead80000,0x00000000eaf00000)
 ParOldGen       total 300032K, used 268115K [0x00000000c0000000, 0x00000000d2500000, 0x00000000eab00000)
  object space 300032K, 89% used [0x00000000c0000000,0x00000000d05d4f98,0x00000000d2500000)
 Metaspace       used 107421K, committed 108992K, reserved 1179648K
  class space    used 10357K, committed 11072K, reserved 1048576K
}
Event: 3553.411 GC heap after
{Heap after GC invocations=9782 (full 242):
 PSYoungGen      total 4096K, used 616K [0x00000000eab00000, 0x00000000eb000000, 0x0000000100000000)
  eden space 2560K, 0% used [0x00000000eab00000,0x00000000eab00000,0x00000000ead80000)
  from space 1536K, 40% used [0x00000000ead80000,0x00000000eae1a388,0x00000000eaf00000)
  to   space 1024K, 0% used [0x00000000eaf00000,0x00000000eaf00000,0x00000000eb000000)
 ParOldGen       total 300032K, used 268691K [0x00000000c0000000, 0x00000000d2500000, 0x00000000eab00000)
  object space 300032K, 89% used [0x00000000c0000000,0x00000000d0664fa8,0x00000000d2500000)
 Metaspace       used 107421K, committed 108992K, reserved 1179648K
  class space    used 10357K, committed 11072K, reserved 1048576K
}
Event: 3553.415 GC heap before
{Heap before GC invocations=9783 (full 242):
 PSYoungGen      total 4096K, used 3176K [0x00000000eab00000, 0x00000000eb000000, 0x0000000100000000)
  eden space 2560K, 100% used [0x00000000eab00000,0x00000000ead80000,0x00000000ead80000)
  from space 1536K, 40% used [0x00000000ead80000,0x00000000eae1a388,0x00000000eaf00000)
  to   space 1024K, 0% used [0x00000000eaf00000,0x00000000eaf00000,0x00000000eb000000)
 ParOldGen       total 300032K, used 268691K [0x00000000c0000000, 0x00000000d2500000, 0x00000000eab00000)
  object space 300032K, 89% used [0x00000000c0000000,0x00000000d0664fa8,0x00000000d2500000)
 Metaspace       used 107421K, committed 108992K, reserved 1179648K
  class space    used 10357K, committed 11072K, reserved 1048576K
}
Event: 3553.416 GC heap after
{Heap after GC invocations=9783 (full 242):
 PSYoungGen      total 4096K, used 672K [0x00000000eab00000, 0x00000000eb000000, 0x0000000100000000)
  eden space 3072K, 0% used [0x00000000eab00000,0x00000000eab00000,0x00000000eae00000)
  from space 1024K, 65% used [0x00000000eaf00000,0x00000000eafa8000,0x00000000eb000000)
  to   space 1024K, 0% used [0x00000000eae00000,0x00000000eae00000,0x00000000eaf00000)
 ParOldGen       total 300032K, used 269019K [0x00000000c0000000, 0x00000000d2500000, 0x00000000eab00000)
  object space 300032K, 89% used [0x00000000c0000000,0x00000000d06b6fb8,0x00000000d2500000)
 Metaspace       used 107421K, committed 108992K, reserved 1179648K
  class space    used 10357K, committed 11072K, reserved 1048576K
}
Event: 3553.420 GC heap before
{Heap before GC invocations=9784 (full 242):
 PSYoungGen      total 4096K, used 3744K [0x00000000eab00000, 0x00000000eb000000, 0x0000000100000000)
  eden space 3072K, 100% used [0x00000000eab00000,0x00000000eae00000,0x00000000eae00000)
  from space 1024K, 65% used [0x00000000eaf00000,0x00000000eafa8000,0x00000000eb000000)
  to   space 1024K, 0% used [0x00000000eae00000,0x00000000eae00000,0x00000000eaf00000)
 ParOldGen       total 300032K, used 269019K [0x00000000c0000000, 0x00000000d2500000, 0x00000000eab00000)
  object space 300032K, 89% used [0x00000000c0000000,0x00000000d06b6fb8,0x00000000d2500000)
 Metaspace       used 107421K, committed 108992K, reserved 1179648K
  class space    used 10357K, committed 11072K, reserved 1048576K
}
Event: 3553.421 GC heap after
{Heap after GC invocations=9784 (full 242):
 PSYoungGen      total 4096K, used 672K [0x00000000eab00000, 0x00000000eb100000, 0x0000000100000000)
  eden space 3072K, 0% used [0x00000000eab00000,0x00000000eab00000,0x00000000eae00000)
  from space 1024K, 65% used [0x00000000eae00000,0x00000000eaea8000,0x00000000eaf00000)
  to   space 1024K, 0% used [0x00000000eb000000,0x00000000eb000000,0x00000000eb100000)
 ParOldGen       total 300032K, used 269435K [0x00000000c0000000, 0x00000000d2500000, 0x00000000eab00000)
  object space 300032K, 89% used [0x00000000c0000000,0x00000000d071efb8,0x00000000d2500000)
 Metaspace       used 107421K, committed 108992K, reserved 1179648K
  class space    used 10357K, committed 11072K, reserved 1048576K
}
Event: 3553.427 GC heap before
{Heap before GC invocations=9785 (full 242):
 PSYoungGen      total 4096K, used 3744K [0x00000000eab00000, 0x00000000eb100000, 0x0000000100000000)
  eden space 3072K, 100% used [0x00000000eab00000,0x00000000eae00000,0x00000000eae00000)
  from space 1024K, 65% used [0x00000000eae00000,0x00000000eaea8000,0x00000000eaf00000)
  to   space 1024K, 0% used [0x00000000eb000000,0x00000000eb000000,0x00000000eb100000)
 ParOldGen       total 300032K, used 269435K [0x00000000c0000000, 0x00000000d2500000, 0x00000000eab00000)
  object space 300032K, 89% used [0x00000000c0000000,0x00000000d071efb8,0x00000000d2500000)
 Metaspace       used 107421K, committed 108992K, reserved 1179648K
  class space    used 10357K, committed 11072K, reserved 1048576K
}
Event: 3553.428 GC heap after
{Heap after GC invocations=9785 (full 242):
 PSYoungGen      total 5120K, used 736K [0x00000000eab00000, 0x00000000eb100000, 0x0000000100000000)
  eden space 4096K, 0% used [0x00000000eab00000,0x00000000eab00000,0x00000000eaf00000)
  from space 1024K, 71% used [0x00000000eb000000,0x00000000eb0b8000,0x00000000eb100000)
  to   space 1024K, 0% used [0x00000000eaf00000,0x00000000eaf00000,0x00000000eb000000)
 ParOldGen       total 300032K, used 269875K [0x00000000c0000000, 0x00000000d2500000, 0x00000000eab00000)
  object space 300032K, 89% used [0x00000000c0000000,0x00000000d078cfb8,0x00000000d2500000)
 Metaspace       used 107421K, committed 108992K, reserved 1179648K
  class space    used 10357K, committed 11072K, reserved 1048576K
}
Event: 3553.442 GC heap before
{Heap before GC invocations=9786 (full 242):
 PSYoungGen      total 5120K, used 4832K [0x00000000eab00000, 0x00000000eb100000, 0x0000000100000000)
  eden space 4096K, 100% used [0x00000000eab00000,0x00000000eaf00000,0x00000000eaf00000)
  from space 1024K, 71% used [0x00000000eb000000,0x00000000eb0b8000,0x00000000eb100000)
  to   space 1024K, 0% used [0x00000000eaf00000,0x00000000eaf00000,0x00000000eb000000)
 ParOldGen       total 300032K, used 269875K [0x00000000c0000000, 0x00000000d2500000, 0x00000000eab00000)
  object space 300032K, 89% used [0x00000000c0000000,0x00000000d078cfb8,0x00000000d2500000)
 Metaspace       used 107422K, committed 108992K, reserved 1179648K
  class space    used 10357K, committed 11072K, reserved 1048576K
}
Event: 3553.444 GC heap after
{Heap after GC invocations=9786 (full 242):
 PSYoungGen      total 5120K, used 1024K [0x00000000eab00000, 0x00000000eb380000, 0x0000000100000000)
  eden space 4096K, 0% used [0x00000000eab00000,0x00000000eab00000,0x00000000eaf00000)
  from space 1024K, 100% used [0x00000000eaf00000,0x00000000eb000000,0x00000000eb000000)
  to   space 2048K, 0% used [0x00000000eb180000,0x00000000eb180000,0x00000000eb380000)
 ParOldGen       total 300032K, used 270379K [0x00000000c0000000, 0x00000000d2500000, 0x00000000eab00000)
  object space 300032K, 90% used [0x00000000c0000000,0x00000000d080af98,0x00000000d2500000)
 Metaspace       used 107422K, committed 108992K, reserved 1179648K
  class space    used 10357K, committed 11072K, reserved 1048576K
}
Event: 3553.459 GC heap before
{Heap before GC invocations=9787 (full 242):
 PSYoungGen      total 5120K, used 5120K [0x00000000eab00000, 0x00000000eb380000, 0x0000000100000000)
  eden space 4096K, 100% used [0x00000000eab00000,0x00000000eaf00000,0x00000000eaf00000)
  from space 1024K, 100% used [0x00000000eaf00000,0x00000000eb000000,0x00000000eb000000)
  to   space 2048K, 0% used [0x00000000eb180000,0x00000000eb180000,0x00000000eb380000)
 ParOldGen       total 300032K, used 270379K [0x00000000c0000000, 0x00000000d2500000, 0x00000000eab00000)
  object space 300032K, 90% used [0x00000000c0000000,0x00000000d080af98,0x00000000d2500000)
 Metaspace       used 107425K, committed 108992K, reserved 1179648K
  class space    used 10358K, committed 11072K, reserved 1048576K
}
Event: 3553.461 GC heap after
{Heap after GC invocations=9787 (full 242):
 PSYoungGen      total 6144K, used 1104K [0x00000000eab00000, 0x00000000eb300000, 0x0000000100000000)
  eden space 4608K, 0% used [0x00000000eab00000,0x00000000eab00000,0x00000000eaf80000)
  from space 1536K, 71% used [0x00000000eb180000,0x00000000eb294020,0x00000000eb300000)
  to   space 1536K, 0% used [0x00000000eb000000,0x00000000eb000000,0x00000000eb180000)
 ParOldGen       total 300032K, used 271243K [0x00000000c0000000, 0x00000000d2500000, 0x00000000eab00000)
  object space 300032K, 90% used [0x00000000c0000000,0x00000000d08e2f98,0x00000000d2500000)
 Metaspace       used 107425K, committed 108992K, reserved 1179648K
  class space    used 10358K, committed 11072K, reserved 1048576K
}
Event: 3553.489 GC heap before
{Heap before GC invocations=9788 (full 242):
 PSYoungGen      total 6144K, used 5712K [0x00000000eab00000, 0x00000000eb300000, 0x0000000100000000)
  eden space 4608K, 100% used [0x00000000eab00000,0x00000000eaf80000,0x00000000eaf80000)
  from space 1536K, 71% used [0x00000000eb180000,0x00000000eb294020,0x00000000eb300000)
  to   space 1536K, 0% used [0x00000000eb000000,0x00000000eb000000,0x00000000eb180000)
 ParOldGen       total 300032K, used 271243K [0x00000000c0000000, 0x00000000d2500000, 0x00000000eab00000)
  object space 300032K, 90% used [0x00000000c0000000,0x00000000d08e2f98,0x00000000d2500000)
 Metaspace       used 107429K, committed 108992K, reserved 1179648K
  class space    used 10358K, committed 11072K, reserved 1048576K
}
Event: 3553.490 GC heap after
{Heap after GC invocations=9788 (full 242):
 PSYoungGen      total 6656K, used 1504K [0x00000000eab00000, 0x00000000eb400000, 0x0000000100000000)
  eden space 5120K, 0% used [0x00000000eab00000,0x00000000eab00000,0x00000000eb000000)
  from space 1536K, 97% used [0x00000000eb000000,0x00000000eb178020,0x00000000eb180000)
  to   space 2048K, 0% used [0x00000000eb200000,0x00000000eb200000,0x00000000eb400000)
 ParOldGen       total 300032K, used 271587K [0x00000000c0000000, 0x00000000d2500000, 0x00000000eab00000)
  object space 300032K, 90% used [0x00000000c0000000,0x00000000d0938fa8,0x00000000d2500000)
 Metaspace       used 107429K, committed 108992K, reserved 1179648K
  class space    used 10358K, committed 11072K, reserved 1048576K
}
Event: 3553.518 GC heap before
{Heap before GC invocations=9789 (full 242):
 PSYoungGen      total 6656K, used 6624K [0x00000000eab00000, 0x00000000eb400000, 0x0000000100000000)
  eden space 5120K, 100% used [0x00000000eab00000,0x00000000eb000000,0x00000000eb000000)
  from space 1536K, 97% used [0x00000000eb000000,0x00000000eb178020,0x00000000eb180000)
  to   space 2048K, 0% used [0x00000000eb200000,0x00000000eb200000,0x00000000eb400000)
 ParOldGen       total 300032K, used 271587K [0x00000000c0000000, 0x00000000d2500000, 0x00000000eab00000)
  object space 300032K, 90% used [0x00000000c0000000,0x00000000d0938fa8,0x00000000d2500000)
 Metaspace       used 107429K, committed 108992K, reserved 1179648K
  class space    used 10358K, committed 11072K, reserved 1048576K
}
Event: 3553.519 GC heap after
{Heap after GC invocations=9789 (full 242):
 PSYoungGen      total 7168K, used 1408K [0x00000000eab00000, 0x00000000eb480000, 0x0000000100000000)
  eden space 5120K, 0% used [0x00000000eab00000,0x00000000eab00000,0x00000000eb000000)
  from space 2048K, 68% used [0x00000000eb200000,0x00000000eb360010,0x00000000eb400000)
  to   space 2048K, 0% used [0x00000000eb000000,0x00000000eb000000,0x00000000eb200000)
 ParOldGen       total 300032K, used 273107K [0x00000000c0000000, 0x00000000d2500000, 0x00000000eab00000)
  object space 300032K, 91% used [0x00000000c0000000,0x00000000d0ab4fd8,0x00000000d2500000)
 Metaspace       used 107429K, committed 108992K, reserved 1179648K
  class space    used 10358K, committed 11072K, reserved 1048576K
}
Event: 3553.545 GC heap before
{Heap before GC invocations=9790 (full 242):
 PSYoungGen      total 7168K, used 6528K [0x00000000eab00000, 0x00000000eb480000, 0x0000000100000000)
  eden space 5120K, 100% used [0x00000000eab00000,0x00000000eb000000,0x00000000eb000000)
  from space 2048K, 68% used [0x00000000eb200000,0x00000000eb360010,0x00000000eb400000)
  to   space 2048K, 0% used [0x00000000eb000000,0x00000000eb000000,0x00000000eb200000)
 ParOldGen       total 300032K, used 273107K [0x00000000c0000000, 0x00000000d2500000, 0x00000000eab00000)
  object space 300032K, 91% used [0x00000000c0000000,0x00000000d0ab4fd8,0x00000000d2500000)
 Metaspace       used 107432K, committed 108992K, reserved 1179648K
  class space    used 10358K, committed 11072K, reserved 1048576K
}
Event: 3553.546 GC heap after
{Heap after GC invocations=9790 (full 242):
 PSYoungGen      total 7168K, used 2016K [0x00000000eab00000, 0x00000000eb680000, 0x0000000100000000)
  eden space 5120K, 0% used [0x00000000eab00000,0x00000000eab00000,0x00000000eb000000)
  from space 2048K, 98% used [0x00000000eb000000,0x00000000eb1f8030,0x00000000eb200000)
  to   space 3072K, 0% used [0x00000000eb380000,0x00000000eb380000,0x00000000eb680000)
 ParOldGen       total 300032K, used 273515K [0x00000000c0000000, 0x00000000d2500000, 0x00000000eab00000)
  object space 300032K, 91% used [0x00000000c0000000,0x00000000d0b1afd8,0x00000000d2500000)
 Metaspace       used 107432K, committed 108992K, reserved 1179648K
  class space    used 10358K, committed 11072K, reserved 1048576K
}

