# JRE version: OpenJDK Runtime Environment Temurin-17.0.10+7 (17.0.10+7) (build 17.0.10+7)
# Java VM: OpenJDK 64-Bit Server VM Temurin-17.0.10+7 (17.0.10+7, mixed mode, tiered, compressed oops, compressed class ptrs, parallel gc, windows-amd64)
GC Precious Log:
 CPUs: 20 total, 20 available
 Memory: 32612M
 Large Page Support: Disabled
 NUMA Support: Disabled
 Compressed Oops: Enabled (32-bit)
 Alignments: Space 512K, Generation 512K, Heap 2M
 Heap Min Capacity: 100M
 Heap Initial Capacity: 100M
 Heap Max Capacity: 1G
 Pre-touch: Disabled
 Parallel Workers: 15
Heap:
 PSYoungGen      total 12288K, used 9812K [0x00000000eab00000, 0x00000000ebc80000, 0x0000000100000000)
  eden space 8704K, 100% used [0x00000000eab00000,0x00000000eb380000,0x00000000eb380000)
  from space 3584K, 30% used [0x00000000eb680000,0x00000000eb795200,0x00000000eba00000)
  to   space 2048K, 73% used [0x00000000eba80000,0x00000000ebbf9210,0x00000000ebc80000)
 ParOldGen       total 172032K, used 164674K [0x00000000c0000000, 0x00000000ca800000, 0x00000000eab00000)
  object space 172032K, 95% used [0x00000000c0000000,0x00000000ca0d0ba0,0x00000000ca800000)
 Metaspace       used 102341K, committed 103744K, reserved 1179648K
  class space    used 10230K, committed 10816K, reserved 1048576K
GC Heap History (20 events):
Event: 3957.444 GC heap after
{Heap after GC invocations=2425 (full 54):
 PSYoungGen      total 9728K, used 608K [0x00000000eab00000, 0x00000000eba00000, 0x0000000100000000)
  eden space 8704K, 0% used [0x00000000eab00000,0x00000000eab00000,0x00000000eb380000)
  from space 1024K, 59% used [0x00000000eb900000,0x00000000eb998000,0x00000000eba00000)
  to   space 1024K, 0% used [0x00000000eb800000,0x00000000eb800000,0x00000000eb900000)
 ParOldGen       total 172032K, used 154802K [0x00000000c0000000, 0x00000000ca800000, 0x00000000eab00000)
  object space 172032K, 89% used [0x00000000c0000000,0x00000000c972ca68,0x00000000ca800000)
 Metaspace       used 102243K, committed 103680K, reserved 1179648K
  class space    used 10230K, committed 10816K, reserved 1048576K
}
Event: 3957.452 GC heap before
{Heap before GC invocations=2426 (full 54):
 PSYoungGen      total 9728K, used 9312K [0x00000000eab00000, 0x00000000eba00000, 0x0000000100000000)
  eden space 8704K, 100% used [0x00000000eab00000,0x00000000eb380000,0x00000000eb380000)
  from space 1024K, 59% used [0x00000000eb900000,0x00000000eb998000,0x00000000eba00000)
  to   space 1024K, 0% used [0x00000000eb800000,0x00000000eb800000,0x00000000eb900000)
 ParOldGen       total 172032K, used 154802K [0x00000000c0000000, 0x00000000ca800000, 0x00000000eab00000)
  object space 172032K, 89% used [0x00000000c0000000,0x00000000c972ca68,0x00000000ca800000)
 Metaspace       used 102283K, committed 103680K, reserved 1179648K
  class space    used 10230K, committed 10816K, reserved 1048576K
}
Event: 3957.453 GC heap after
{Heap after GC invocations=2426 (full 54):
 PSYoungGen      total 9728K, used 660K [0x00000000eab00000, 0x00000000eb980000, 0x0000000100000000)
  eden space 8704K, 0% used [0x00000000eab00000,0x00000000eab00000,0x00000000eb380000)
  from space 1024K, 64% used [0x00000000eb800000,0x00000000eb8a5220,0x00000000eb900000)
  to   space 512K, 0% used [0x00000000eb900000,0x00000000eb900000,0x00000000eb980000)
 ParOldGen       total 172032K, used 155178K [0x00000000c0000000, 0x00000000ca800000, 0x00000000eab00000)
  object space 172032K, 90% used [0x00000000c0000000,0x00000000c978aa78,0x00000000ca800000)
 Metaspace       used 102283K, committed 103680K, reserved 1179648K
  class space    used 10230K, committed 10816K, reserved 1048576K
}
Event: 3957.458 GC heap before
{Heap before GC invocations=2427 (full 54):
 PSYoungGen      total 9728K, used 9364K [0x00000000eab00000, 0x00000000eb980000, 0x0000000100000000)
  eden space 8704K, 100% used [0x00000000eab00000,0x00000000eb380000,0x00000000eb380000)
  from space 1024K, 64% used [0x00000000eb800000,0x00000000eb8a5220,0x00000000eb900000)
  to   space 512K, 0% used [0x00000000eb900000,0x00000000eb900000,0x00000000eb980000)
 ParOldGen       total 172032K, used 155178K [0x00000000c0000000, 0x00000000ca800000, 0x00000000eab00000)
  object space 172032K, 90% used [0x00000000c0000000,0x00000000c978aa78,0x00000000ca800000)
 Metaspace       used 102290K, committed 103680K, reserved 1179648K
  class space    used 10230K, committed 10816K, reserved 1048576K
}
Event: 3957.459 GC heap after
{Heap after GC invocations=2427 (full 54):
 PSYoungGen      total 9216K, used 512K [0x00000000eab00000, 0x00000000eb980000, 0x0000000100000000)
  eden space 8704K, 0% used [0x00000000eab00000,0x00000000eab00000,0x00000000eb380000)
  from space 512K, 100% used [0x00000000eb900000,0x00000000eb980000,0x00000000eb980000)
  to   space 1536K, 0% used [0x00000000eb680000,0x00000000eb680000,0x00000000eb800000)
 ParOldGen       total 172032K, used 155900K [0x00000000c0000000, 0x00000000ca800000, 0x00000000eab00000)
  object space 172032K, 90% used [0x00000000c0000000,0x00000000c983f388,0x00000000ca800000)
 Metaspace       used 102290K, committed 103680K, reserved 1179648K
  class space    used 10230K, committed 10816K, reserved 1048576K
}
Event: 3957.465 GC heap before
{Heap before GC invocations=2428 (full 54):
 PSYoungGen      total 9216K, used 9216K [0x00000000eab00000, 0x00000000eb980000, 0x0000000100000000)
  eden space 8704K, 100% used [0x00000000eab00000,0x00000000eb380000,0x00000000eb380000)
  from space 512K, 100% used [0x00000000eb900000,0x00000000eb980000,0x00000000eb980000)
  to   space 1536K, 0% used [0x00000000eb680000,0x00000000eb680000,0x00000000eb800000)
 ParOldGen       total 172032K, used 155900K [0x00000000c0000000, 0x00000000ca800000, 0x00000000eab00000)
  object space 172032K, 90% used [0x00000000c0000000,0x00000000c983f388,0x00000000ca800000)
 Metaspace       used 102295K, committed 103680K, reserved 1179648K
  class space    used 10230K, committed 10816K, reserved 1048576K
}
Event: 3957.466 GC heap after
{Heap after GC invocations=2428 (full 54):
 PSYoungGen      total 10240K, used 1094K [0x00000000eab00000, 0x00000000eb980000, 0x0000000100000000)
  eden space 8704K, 0% used [0x00000000eab00000,0x00000000eab00000,0x00000000eb380000)
  from space 1536K, 71% used [0x00000000eb680000,0x00000000eb7918e0,0x00000000eb800000)
  to   space 1536K, 0% used [0x00000000eb800000,0x00000000eb800000,0x00000000eb980000)
 ParOldGen       total 172032K, used 156380K [0x00000000c0000000, 0x00000000ca800000, 0x00000000eab00000)
  object space 172032K, 90% used [0x00000000c0000000,0x00000000c98b7388,0x00000000ca800000)
 Metaspace       used 102295K, committed 103680K, reserved 1179648K
  class space    used 10230K, committed 10816K, reserved 1048576K
}
Event: 3957.471 GC heap before
{Heap before GC invocations=2429 (full 54):
 PSYoungGen      total 10240K, used 9798K [0x00000000eab00000, 0x00000000eb980000, 0x0000000100000000)
  eden space 8704K, 100% used [0x00000000eab00000,0x00000000eb380000,0x00000000eb380000)
  from space 1536K, 71% used [0x00000000eb680000,0x00000000eb7918e0,0x00000000eb800000)
  to   space 1536K, 0% used [0x00000000eb800000,0x00000000eb800000,0x00000000eb980000)
 ParOldGen       total 172032K, used 156380K [0x00000000c0000000, 0x00000000ca800000, 0x00000000eab00000)
  object space 172032K, 90% used [0x00000000c0000000,0x00000000c98b7388,0x00000000ca800000)
 Metaspace       used 102307K, committed 103744K, reserved 1179648K
  class space    used 10230K, committed 10816K, reserved 1048576K
}
Event: 3957.472 GC heap after
{Heap after GC invocations=2429 (full 54):
 PSYoungGen      total 9216K, used 468K [0x00000000eab00000, 0x00000000eb880000, 0x0000000100000000)
  eden space 8704K, 0% used [0x00000000eab00000,0x00000000eab00000,0x00000000eb380000)
  from space 512K, 91% used [0x00000000eb800000,0x00000000eb875200,0x00000000eb880000)
  to   space 1024K, 0% used [0x00000000eb680000,0x00000000eb680000,0x00000000eb780000)
 ParOldGen       total 172032K, used 156894K [0x00000000c0000000, 0x00000000ca800000, 0x00000000eab00000)
  object space 172032K, 91% used [0x00000000c0000000,0x00000000c9937a68,0x00000000ca800000)
 Metaspace       used 102307K, committed 103744K, reserved 1179648K
  class space    used 10230K, committed 10816K, reserved 1048576K
}
Event: 3957.479 GC heap before
{Heap before GC invocations=2430 (full 54):
 PSYoungGen      total 9216K, used 9172K [0x00000000eab00000, 0x00000000eb880000, 0x0000000100000000)
  eden space 8704K, 100% used [0x00000000eab00000,0x00000000eb380000,0x00000000eb380000)
  from space 512K, 91% used [0x00000000eb800000,0x00000000eb875200,0x00000000eb880000)
  to   space 1024K, 0% used [0x00000000eb680000,0x00000000eb680000,0x00000000eb780000)
 ParOldGen       total 172032K, used 156894K [0x00000000c0000000, 0x00000000ca800000, 0x00000000eab00000)
  object space 172032K, 91% used [0x00000000c0000000,0x00000000c9937a68,0x00000000ca800000)
 Metaspace       used 102311K, committed 103744K, reserved 1179648K
  class space    used 10230K, committed 10816K, reserved 1048576K
}
Event: 3957.480 GC heap after
{Heap after GC invocations=2430 (full 54):
 PSYoungGen      total 9728K, used 416K [0x00000000eab00000, 0x00000000eb880000, 0x0000000100000000)
  eden space 8704K, 0% used [0x00000000eab00000,0x00000000eab00000,0x00000000eb380000)
  from space 1024K, 40% used [0x00000000eb680000,0x00000000eb6e8000,0x00000000eb780000)
  to   space 512K, 0% used [0x00000000eb800000,0x00000000eb800000,0x00000000eb880000)
 ParOldGen       total 172032K, used 157086K [0x00000000c0000000, 0x00000000ca800000, 0x00000000eab00000)
  object space 172032K, 91% used [0x00000000c0000000,0x00000000c9967a68,0x00000000ca800000)
 Metaspace       used 102311K, committed 103744K, reserved 1179648K
  class space    used 10230K, committed 10816K, reserved 1048576K
}
Event: 3957.545 GC heap before
{Heap before GC invocations=2431 (full 54):
 PSYoungGen      total 9728K, used 9120K [0x00000000eab00000, 0x00000000eb880000, 0x0000000100000000)
  eden space 8704K, 100% used [0x00000000eab00000,0x00000000eb380000,0x00000000eb380000)
  from space 1024K, 40% used [0x00000000eb680000,0x00000000eb6e8000,0x00000000eb780000)
  to   space 512K, 0% used [0x00000000eb800000,0x00000000eb800000,0x00000000eb880000)
 ParOldGen       total 172032K, used 157086K [0x00000000c0000000, 0x00000000ca800000, 0x00000000eab00000)
  object space 172032K, 91% used [0x00000000c0000000,0x00000000c9967a68,0x00000000ca800000)
 Metaspace       used 102334K, committed 103744K, reserved 1179648K
  class space    used 10230K, committed 10816K, reserved 1048576K
}
Event: 3957.546 GC heap after
{Heap after GC invocations=2431 (full 54):
 PSYoungGen      total 9216K, used 500K [0x00000000eab00000, 0x00000000eb880000, 0x0000000100000000)
  eden space 8704K, 0% used [0x00000000eab00000,0x00000000eab00000,0x00000000eb380000)
  from space 512K, 97% used [0x00000000eb800000,0x00000000eb87d220,0x00000000eb880000)
  to   space 2048K, 0% used [0x00000000eb480000,0x00000000eb480000,0x00000000eb680000)
 ParOldGen       total 172032K, used 158106K [0x00000000c0000000, 0x00000000ca800000, 0x00000000eab00000)
  object space 172032K, 91% used [0x00000000c0000000,0x00000000c9a66be8,0x00000000ca800000)
 Metaspace       used 102334K, committed 103744K, reserved 1179648K
  class space    used 10230K, committed 10816K, reserved 1048576K
}
Event: 3957.558 GC heap before
{Heap before GC invocations=2432 (full 54):
 PSYoungGen      total 9216K, used 9204K [0x00000000eab00000, 0x00000000eb880000, 0x0000000100000000)
  eden space 8704K, 100% used [0x00000000eab00000,0x00000000eb380000,0x00000000eb380000)
  from space 512K, 97% used [0x00000000eb800000,0x00000000eb87d220,0x00000000eb880000)
  to   space 2048K, 0% used [0x00000000eb480000,0x00000000eb480000,0x00000000eb680000)
 ParOldGen       total 172032K, used 158106K [0x00000000c0000000, 0x00000000ca800000, 0x00000000eab00000)
  object space 172032K, 91% used [0x00000000c0000000,0x00000000c9a66be8,0x00000000ca800000)
 Metaspace       used 102341K, committed 103744K, reserved 1179648K
  class space    used 10230K, committed 10816K, reserved 1048576K
}
Event: 3957.560 GC heap after
{Heap after GC invocations=2432 (full 54):
 PSYoungGen      total 10752K, used 2047K [0x00000000eab00000, 0x00000000ec480000, 0x0000000100000000)
  eden space 8704K, 0% used [0x00000000eab00000,0x00000000eab00000,0x00000000eb380000)
  from space 2048K, 99% used [0x00000000eb480000,0x00000000eb67fff0,0x00000000eb680000)
  to   space 8704K, 0% used [0x00000000ebc00000,0x00000000ebc00000,0x00000000ec480000)
 ParOldGen       total 172032K, used 163265K [0x00000000c0000000, 0x00000000ca800000, 0x00000000eab00000)
  object space 172032K, 94% used [0x00000000c0000000,0x00000000c9f707a8,0x00000000ca800000)
 Metaspace       used 102341K, committed 103744K, reserved 1179648K
  class space    used 10230K, committed 10816K, reserved 1048576K
}
Event: 3957.570 GC heap before
{Heap before GC invocations=2433 (full 54):
 PSYoungGen      total 10752K, used 10751K [0x00000000eab00000, 0x00000000ec480000, 0x0000000100000000)
  eden space 8704K, 100% used [0x00000000eab00000,0x00000000eb380000,0x00000000eb380000)
  from space 2048K, 99% used [0x00000000eb480000,0x00000000eb67fff0,0x00000000eb680000)
  to   space 8704K, 0% used [0x00000000ebc00000,0x00000000ebc00000,0x00000000ec480000)
 ParOldGen       total 172032K, used 163265K [0x00000000c0000000, 0x00000000ca800000, 0x00000000eab00000)
  object space 172032K, 94% used [0x00000000c0000000,0x00000000c9f707a8,0x00000000ca800000)
 Metaspace       used 102341K, committed 103744K, reserved 1179648K
  class space    used 10230K, committed 10816K, reserved 1048576K
}
Event: 3957.571 GC heap after
{Heap after GC invocations=2433 (full 54):
 PSYoungGen      total 10240K, used 1402K [0x00000000eab00000, 0x00000000ebd80000, 0x0000000100000000)
  eden space 8704K, 0% used [0x00000000eab00000,0x00000000eab00000,0x00000000eb380000)
  from space 1536K, 91% used [0x00000000ebc00000,0x00000000ebd5e900,0x00000000ebd80000)
  to   space 3584K, 0% used [0x00000000eb680000,0x00000000eb680000,0x00000000eba00000)
 ParOldGen       total 172032K, used 163663K [0x00000000c0000000, 0x00000000ca800000, 0x00000000eab00000)
  object space 172032K, 95% used [0x00000000c0000000,0x00000000c9fd3f38,0x00000000ca800000)
 Metaspace       used 102341K, committed 103744K, reserved 1179648K
  class space    used 10230K, committed 10816K, reserved 1048576K
}
Event: 3957.579 GC heap before
{Heap before GC invocations=2434 (full 54):
 PSYoungGen      total 10240K, used 10106K [0x00000000eab00000, 0x00000000ebd80000, 0x0000000100000000)
  eden space 8704K, 100% used [0x00000000eab00000,0x00000000eb380000,0x00000000eb380000)
  from space 1536K, 91% used [0x00000000ebc00000,0x00000000ebd5e900,0x00000000ebd80000)
  to   space 3584K, 0% used [0x00000000eb680000,0x00000000eb680000,0x00000000eba00000)
 ParOldGen       total 172032K, used 163663K [0x00000000c0000000, 0x00000000ca800000, 0x00000000eab00000)
  object space 172032K, 95% used [0x00000000c0000000,0x00000000c9fd3f38,0x00000000ca800000)
 Metaspace       used 102341K, committed 103744K, reserved 1179648K
  class space    used 10230K, committed 10816K, reserved 1048576K
}
Event: 3957.580 GC heap after
{Heap after GC invocations=2434 (full 54):
 PSYoungGen      total 12288K, used 1108K [0x00000000eab00000, 0x00000000ebc80000, 0x0000000100000000)
  eden space 8704K, 0% used [0x00000000eab00000,0x00000000eab00000,0x00000000eb380000)
  from space 3584K, 30% used [0x00000000eb680000,0x00000000eb795200,0x00000000eba00000)
  to   space 2048K, 0% used [0x00000000eba80000,0x00000000eba80000,0x00000000ebc80000)
 ParOldGen       total 172032K, used 163772K [0x00000000c0000000, 0x00000000ca800000, 0x00000000eab00000)
  object space 172032K, 95% used [0x00000000c0000000,0x00000000c9fef138,0x00000000ca800000)
 Metaspace       used 102341K, committed 103744K, reserved 1179648K
  class space    used 10230K, committed 10816K, reserved 1048576K
}
Event: 3957.803 GC heap before
{Heap before GC invocations=2435 (full 54):
 PSYoungGen      total 12288K, used 9812K [0x00000000eab00000, 0x00000000ebc80000, 0x0000000100000000)
  eden space 8704K, 100% used [0x00000000eab00000,0x00000000eb380000,0x00000000eb380000)
  from space 3584K, 30% used [0x00000000eb680000,0x00000000eb795200,0x00000000eba00000)
  to   space 2048K, 0% used [0x00000000eba80000,0x00000000eba80000,0x00000000ebc80000)
 ParOldGen       total 172032K, used 163772K [0x00000000c0000000, 0x00000000ca800000, 0x00000000eab00000)
  object space 172032K, 95% used [0x00000000c0000000,0x00000000c9fef138,0x00000000ca800000)
 Metaspace       used 102341K, committed 103744K, reserved 1179648K
  class space    used 10230K, committed 10816K, reserved 1048576K
}

